[0;32minclude [0;34mchromaticaInclusionDirective [0m[1, 2, 7] [0;34mPREPROC [0;33mIDENTIFIER [0;36mINCLUSION_DIRECTIVE [0m
[0;32mcstdlib [0;31mNone [0m[1, 11, 7] [0;33mIDENTIFIER [0;36mINVALID_FILE [0m
[0;32minclude [0;34mchromaticaInclusionDirective [0m[2, 2, 7] [0;34mPREPROC [0;33mIDENTIFIER [0;36mINCLUSION_DIRECTIVE [0m
[0;32miostream [0;31mNone [0m[2, 11, 8] [0;33mIDENTIFIER [0;36mINVALID_FILE [0m
[0;32musing [0;31mNone [0m[3, 1, 5] [0;33mKEYWORD [0;36mUSING_DIRECTIVE [0m
[0;32mnamespace [0;31mNone [0m[3, 7, 9] [0;33mKEYWORD [0;36mUSING_DIRECTIVE [0m
[0;32mstd [0;34mchromaticaNamespaceRef [0m[3, 17, 3] [0;33mIDENTIFIER [0;36mNAMESPACE_REF [0m
[0;32m// volatile prevents dead-code removal [0;31mNone [0m[5, 1, 38] [0;33mCOMMENT [0;36mINVALID_FILE [0m
[0;32mvoid [0;31mNone [0m[6, 1, 4] [0;33mKEYWORD [0;36mFUNCTION_DECL [0;35mFUNCTIONPROTO [1;31mVOID [1;36mNONE [0m
[0;32mdo_work [0;34mchromaticaFunctionDecl [0m[6, 6, 7] [0;33mIDENTIFIER [0;36mFUNCTION_DECL [0;35mFUNCTIONPROTO [1;31mVOID [1;36mNONE [0m
[0;32mint [0;31mNone [0m[6, 14, 3] [0;33mKEYWORD [0;36mPARM_DECL [0;35mINT [1;36mNONE [0m
[0;32mC1 [0;34mchromaticaParmDecl [0m[6, 18, 2] [0;33mIDENTIFIER [0;36mPARM_DECL [0;35mINT [1;36mNONE [0m
[0;32mint [0;31mNone [0m[6, 22, 3] [0;33mKEYWORD [0;36mPARM_DECL [0;35mINT [1;36mNONE [0m
[0;32mC2 [0;34mchromaticaParmDecl [0m[6, 26, 2] [0;33mIDENTIFIER [0;36mPARM_DECL [0;35mINT [1;36mNONE [0m
[0;32mint [0;31mNone [0m[6, 30, 3] [0;33mKEYWORD [0;36mPARM_DECL [0;35mINT [1;36mNONE [0m
[0;32mC3 [0;34mchromaticaParmDecl [0m[6, 34, 2] [0;33mIDENTIFIER [0;36mPARM_DECL [0;35mINT [1;36mNONE [0m
[0;32mint [0;31mNone [0m[6, 38, 3] [0;33mKEYWORD [0;36mPARM_DECL [0;35mINT [1;36mNONE [0m
[0;32mL1 [0;34mchromaticaParmDecl [0m[6, 42, 2] [0;33mIDENTIFIER [0;36mPARM_DECL [0;35mINT [1;36mNONE [0m
[0;32mint [0;31mNone [0m[6, 46, 3] [0;33mKEYWORD [0;36mPARM_DECL [0;35mINT [1;36mNONE [0m
[0;32mL2 [0;34mchromaticaParmDecl [0m[6, 50, 2] [0;33mIDENTIFIER [0;36mPARM_DECL [0;35mINT [1;36mNONE [0m
[0;32mvolatile [0;31mNone [0m[6, 54, 8] [0;33mKEYWORD [0;36mPARM_DECL [0;35mINT [1;36mNONE [0m
[0;32mint [0;31mNone [0m[6, 63, 3] [0;33mKEYWORD [0;36mPARM_DECL [0;35mINT [1;36mNONE [0m
[0;32mL3 [0;34mchromaticaParmDecl [0m[6, 67, 2] [0;33mIDENTIFIER [0;36mPARM_DECL [0;35mINT [1;36mNONE [0m
[0;32mbool [0;31mNone [0m[7, 3, 4] [0;33mKEYWORD [0;36mVAR_DECL [0;35mBOOL [1;36mNONE [0m
[0;32mflag1 [0;34mchromaticaVarDecl [0m[7, 8, 5] [0;33mIDENTIFIER [0;36mVAR_DECL [0;35mBOOL [1;36mNONE [0m
[0;32mfalse [0;31mNone [0m[7, 16, 5] [0;33mKEYWORD [0;36mCXX_BOOL_LITERAL_EXPR [0;35mBOOL [1;36mNONE [0m
[0;32mint [0;31mNone [0m[8, 3, 3] [0;33mKEYWORD [0;36mVAR_DECL [0;35mINT [1;36mNONE [0m
[0;32mi [0;34mchromaticaVarDecl [0m[8, 7, 1] [0;33mIDENTIFIER [0;36mVAR_DECL [0;35mINT [1;36mNONE [0m
[0;32m0 [0;34mNumber [0m[8, 11, 1] [0;33mLITERAL [0;36mINTEGER_LITERAL [0;35mINT [1;36mNONE [0m
[0;32mwhile [0;31mNone [0m[9, 3, 5] [0;33mKEYWORD [0;36mWHILE_STMT [1;36mNONE [0m
[0;32mi [0;34mVariable [0m[9, 11, 1] [0;33mIDENTIFIER [0;36mDECL_REF_EXPR [0;35mINT [1;36mNONE [0m
[0;32mL1 [0;34mVariable [0m[9, 15, 2] [0;33mIDENTIFIER [0;36mDECL_REF_EXPR [0;35mINT [1;36mNONE [0m
[0;32mflag1 [0;34mVariable [0m[9, 22, 5] [0;33mIDENTIFIER [0;36mDECL_REF_EXPR [0;35mBOOL [1;36mNONE [0m
[0;32mifndef [0;31mNone [0m[10, 2, 6] [0;33mIDENTIFIER [0;36mCOMPOUND_STMT [1;36mNONE [0m
[0;32mNO_OUTPUT [0;31mNone [0m[10, 9, 9] [0;33mIDENTIFIER [0;36mCOMPOUND_STMT [1;36mNONE [0m
[0;32mcout [0;31mNone [0m[11, 5, 4] [0;33mIDENTIFIER [0;36mCOMPOUND_STMT [1;36mNONE [0m
[0;32m"S1 i:" [0;31mNone [0m[11, 13, 7] [0;33mLITERAL [0;36mCOMPOUND_STMT [1;36mNONE [0m
[0;32mi [0;31mNone [0m[11, 24, 1] [0;33mIDENTIFIER [0;36mCOMPOUND_STMT [1;36mNONE [0m
[0;32mendl [0;31mNone [0m[11, 29, 4] [0;33mIDENTIFIER [0;36mCOMPOUND_STMT [1;36mNONE [0m
[0;32mendif [0;31mNone [0m[12, 2, 5] [0;33mIDENTIFIER [0;36mCOMPOUND_STMT [1;36mNONE [0m
[0;32mbool [0;31mNone [0m[13, 5, 4] [0;33mKEYWORD [0;36mVAR_DECL [0;35mBOOL [1;36mNONE [0m
[0;32mflag2 [0;34mchromaticaVarDecl [0m[13, 10, 5] [0;33mIDENTIFIER [0;36mVAR_DECL [0;35mBOOL [1;36mNONE [0m
[0;32mfalse [0;31mNone [0m[13, 18, 5] [0;33mKEYWORD [0;36mCXX_BOOL_LITERAL_EXPR [0;35mBOOL [1;36mNONE [0m
[0;32mint [0;31mNone [0m[14, 5, 3] [0;33mKEYWORD [0;36mVAR_DECL [0;35mINT [1;36mNONE [0m
[0;32mj [0;34mchromaticaVarDecl [0m[14, 9, 1] [0;33mIDENTIFIER [0;36mVAR_DECL [0;35mINT [1;36mNONE [0m
[0;32m0 [0;34mNumber [0m[14, 13, 1] [0;33mLITERAL [0;36mINTEGER_LITERAL [0;35mINT [1;36mNONE [0m
[0;32mwhile [0;31mNone [0m[15, 5, 5] [0;33mKEYWORD [0;36mWHILE_STMT [1;36mNONE [0m
[0;32mj [0;34mVariable [0m[15, 13, 1] [0;33mIDENTIFIER [0;36mDECL_REF_EXPR [0;35mINT [1;36mNONE [0m
[0;32mL2 [0;34mVariable [0m[15, 17, 2] [0;33mIDENTIFIER [0;36mDECL_REF_EXPR [0;35mINT [1;36mNONE [0m
[0;32mflag2 [0;34mVariable [0m[15, 24, 5] [0;33mIDENTIFIER [0;36mDECL_REF_EXPR [0;35mBOOL [1;36mNONE [0m
[0;32mflag1 [0;34mVariable [0m[15, 33, 5] [0;33mIDENTIFIER [0;36mDECL_REF_EXPR [0;35mBOOL [1;36mNONE [0m
[0;32mifndef [0;31mNone [0m[16, 2, 6] [0;33mIDENTIFIER [0;36mCOMPOUND_STMT [1;36mNONE [0m
[0;32mNO_OUTPUT [0;31mNone [0m[16, 9, 9] [0;33mIDENTIFIER [0;36mCOMPOUND_STMT [1;36mNONE [0m
[0;32mcout [0;31mNone [0m[17, 7, 4] [0;33mIDENTIFIER [0;36mCOMPOUND_STMT [1;36mNONE [0m
[0;32m"S2 i:" [0;31mNone [0m[17, 15, 7] [0;33mLITERAL [0;36mCOMPOUND_STMT [1;36mNONE [0m
[0;32mi [0;31mNone [0m[17, 26, 1] [0;33mIDENTIFIER [0;36mCOMPOUND_STMT [1;36mNONE [0m
[0;32m" j:" [0;31mNone [0m[17, 31, 5] [0;33mLITERAL [0;36mCOMPOUND_STMT [1;36mNONE [0m
[0;32mj [0;31mNone [0m[17, 40, 1] [0;33mIDENTIFIER [0;36mCOMPOUND_STMT [1;36mNONE [0m
[0;32mendl [0;31mNone [0m[17, 45, 4] [0;33mIDENTIFIER [0;36mCOMPOUND_STMT [1;36mNONE [0m
[0;32mendif [0;31mNone [0m[18, 2, 5] [0;33mIDENTIFIER [0;36mCOMPOUND_STMT [1;36mNONE [0m
[0;32mint [0;31mNone [0m[19, 7, 3] [0;33mKEYWORD [0;36mVAR_DECL [0;35mINT [1;36mNONE [0m
[0;32mk [0;34mchromaticaVarDecl [0m[19, 11, 1] [0;33mIDENTIFIER [0;36mVAR_DECL [0;35mINT [1;36mNONE [0m
[0;32m0 [0;34mNumber [0m[19, 15, 1] [0;33mLITERAL [0;36mINTEGER_LITERAL [0;35mINT [1;36mNONE [0m
[0;32mbool [0;31mNone [0m[20, 7, 4] [0;33mKEYWORD [0;36mVAR_DECL [0;35mBOOL [1;36mNONE [0m
[0;32mflag3 [0;34mchromaticaVarDecl [0m[20, 12, 5] [0;33mIDENTIFIER [0;36mVAR_DECL [0;35mBOOL [1;36mNONE [0m
[0;32mfalse [0;31mNone [0m[20, 20, 5] [0;33mKEYWORD [0;36mCXX_BOOL_LITERAL_EXPR [0;35mBOOL [1;36mNONE [0m
[0;32mwhile [0;31mNone [0m[21, 7, 5] [0;33mKEYWORD [0;36mWHILE_STMT [1;36mNONE [0m
[0;32mk [0;34mVariable [0m[21, 15, 1] [0;33mIDENTIFIER [0;36mDECL_REF_EXPR [0;35mINT [1;36mNONE [0m
[0;32mL3 [0;34mVariable [0m[21, 19, 2] [0;33mIDENTIFIER [0;36mDECL_REF_EXPR [0;35mINT [1;36mNONE [0m
[0;32mflag3 [0;34mVariable [0m[21, 26, 5] [0;33mIDENTIFIER [0;36mDECL_REF_EXPR [0;35mBOOL [1;36mNONE [0m
[0;32mflag2 [0;34mVariable [0m[21, 35, 5] [0;33mIDENTIFIER [0;36mDECL_REF_EXPR [0;35mBOOL [1;36mNONE [0m
[0;32mflag1 [0;34mVariable [0m[21, 44, 5] [0;33mIDENTIFIER [0;36mDECL_REF_EXPR [0;35mBOOL [1;36mNONE [0m
[0;32mifndef [0;31mNone [0m[22, 2, 6] [0;33mIDENTIFIER [0;36mCOMPOUND_STMT [1;36mNONE [0m
[0;32mNO_OUTPUT [0;31mNone [0m[22, 9, 9] [0;33mIDENTIFIER [0;36mCOMPOUND_STMT [1;36mNONE [0m
[0;32mcout [0;31mNone [0m[23, 9, 4] [0;33mIDENTIFIER [0;36mCOMPOUND_STMT [1;36mNONE [0m
[0;32m"S3 i:" [0;31mNone [0m[23, 17, 7] [0;33mLITERAL [0;36mCOMPOUND_STMT [1;36mNONE [0m
[0;32mi [0;31mNone [0m[23, 28, 1] [0;33mIDENTIFIER [0;36mCOMPOUND_STMT [1;36mNONE [0m
[0;32m" j:" [0;31mNone [0m[23, 33, 5] [0;33mLITERAL [0;36mCOMPOUND_STMT [1;36mNONE [0m
[0;32mj [0;31mNone [0m[23, 42, 1] [0;33mIDENTIFIER [0;36mCOMPOUND_STMT [1;36mNONE [0m
[0;32m" k:" [0;31mNone [0m[23, 47, 5] [0;33mLITERAL [0;36mCOMPOUND_STMT [1;36mNONE [0m
[0;32mk [0;31mNone [0m[23, 56, 1] [0;33mIDENTIFIER [0;36mCOMPOUND_STMT [1;36mNONE [0m
[0;32m" : " [0;31mNone [0m[23, 61, 5] [0;33mLITERAL [0;36mCOMPOUND_STMT [1;36mNONE [0m
[0;32mendif [0;31mNone [0m[24, 2, 5] [0;33mIDENTIFIER [0;36mCOMPOUND_STMT [1;36mNONE [0m
[0;32mif [0;31mNone [0m[25, 9, 2] [0;33mKEYWORD [0;36mIF_STMT [1;36mNONE [0m
[0;32mC1 [0;34mVariable [0m[25, 13, 2] [0;33mIDENTIFIER [0;36mDECL_REF_EXPR [0;35mINT [1;36mNONE [0m
[0;32mflag1 [0;34mVariable [0m[26, 11, 5] [0;33mIDENTIFIER [0;36mDECL_REF_EXPR [0;35mBOOL [1;36mNONE [0m
[0;32mtrue [0;31mNone [0m[26, 19, 4] [0;33mKEYWORD [0;36mCXX_BOOL_LITERAL_EXPR [0;35mBOOL [1;36mNONE [0m
[0;32melse [0;31mNone [0m[27, 11, 4] [0;33mKEYWORD [0;36mIF_STMT [1;36mNONE [0m
[0;32mifndef [0;31mNone [0m[28, 2, 6] [0;33mIDENTIFIER [0;36mCOMPOUND_STMT [1;36mNONE [0m
[0;32mNO_OUTPUT [0;31mNone [0m[28, 9, 9] [0;33mIDENTIFIER [0;36mCOMPOUND_STMT [1;36mNONE [0m
[0;32mcout [0;31mNone [0m[29, 11, 4] [0;33mIDENTIFIER [0;36mCOMPOUND_STMT [1;36mNONE [0m
[0;32m"S4 i:" [0;31mNone [0m[29, 19, 7] [0;33mLITERAL [0;36mCOMPOUND_STMT [1;36mNONE [0m
[0;32mi [0;31mNone [0m[29, 30, 1] [0;33mIDENTIFIER [0;36mCOMPOUND_STMT [1;36mNONE [0m
[0;32m" j:" [0;31mNone [0m[29, 35, 5] [0;33mLITERAL [0;36mCOMPOUND_STMT [1;36mNONE [0m
[0;32mj [0;31mNone [0m[29, 44, 1] [0;33mIDENTIFIER [0;36mCOMPOUND_STMT [1;36mNONE [0m
[0;32m" k:" [0;31mNone [0m[29, 49, 5] [0;33mLITERAL [0;36mCOMPOUND_STMT [1;36mNONE [0m
[0;32mk [0;31mNone [0m[29, 58, 1] [0;33mIDENTIFIER [0;36mCOMPOUND_STMT [1;36mNONE [0m
[0;32m" : " [0;31mNone [0m[29, 63, 5] [0;33mLITERAL [0;36mCOMPOUND_STMT [1;36mNONE [0m
[0;32mendif [0;31mNone [0m[30, 2, 5] [0;33mIDENTIFIER [0;36mCOMPOUND_STMT [1;36mNONE [0m
[0;32mif [0;31mNone [0m[31, 11, 2] [0;33mKEYWORD [0;36mIF_STMT [1;36mNONE [0m
[0;32mC2 [0;34mVariable [0m[31, 15, 2] [0;33mIDENTIFIER [0;36mDECL_REF_EXPR [0;35mINT [1;36mNONE [0m
[0;32mflag2 [0;34mVariable [0m[32, 13, 5] [0;33mIDENTIFIER [0;36mDECL_REF_EXPR [0;35mBOOL [1;36mNONE [0m
[0;32mtrue [0;31mNone [0m[32, 21, 4] [0;33mKEYWORD [0;36mCXX_BOOL_LITERAL_EXPR [0;35mBOOL [1;36mNONE [0m
[0;32melse [0;31mNone [0m[33, 13, 4] [0;33mKEYWORD [0;36mIF_STMT [1;36mNONE [0m
[0;32mifndef [0;31mNone [0m[34, 2, 6] [0;33mIDENTIFIER [0;36mCOMPOUND_STMT [1;36mNONE [0m
[0;32mNO_OUTPUT [0;31mNone [0m[34, 9, 9] [0;33mIDENTIFIER [0;36mCOMPOUND_STMT [1;36mNONE [0m
[0;32mcout [0;31mNone [0m[35, 13, 4] [0;33mIDENTIFIER [0;36mCOMPOUND_STMT [1;36mNONE [0m
[0;32m"S5 i:" [0;31mNone [0m[35, 21, 7] [0;33mLITERAL [0;36mCOMPOUND_STMT [1;36mNONE [0m
[0;32mi [0;31mNone [0m[35, 32, 1] [0;33mIDENTIFIER [0;36mCOMPOUND_STMT [1;36mNONE [0m
[0;32m" j:" [0;31mNone [0m[35, 37, 5] [0;33mLITERAL [0;36mCOMPOUND_STMT [1;36mNONE [0m
[0;32mj [0;31mNone [0m[35, 46, 1] [0;33mIDENTIFIER [0;36mCOMPOUND_STMT [1;36mNONE [0m
[0;32m" k:" [0;31mNone [0m[35, 51, 5] [0;33mLITERAL [0;36mCOMPOUND_STMT [1;36mNONE [0m
[0;32mk [0;31mNone [0m[35, 60, 1] [0;33mIDENTIFIER [0;36mCOMPOUND_STMT [1;36mNONE [0m
[0;32m" : " [0;31mNone [0m[35, 65, 5] [0;33mLITERAL [0;36mCOMPOUND_STMT [1;36mNONE [0m
[0;32mendif [0;31mNone [0m[36, 2, 5] [0;33mIDENTIFIER [0;36mCOMPOUND_STMT [1;36mNONE [0m
[0;32mif [0;31mNone [0m[37, 13, 2] [0;33mKEYWORD [0;36mIF_STMT [1;36mNONE [0m
[0;32mC3 [0;34mVariable [0m[37, 17, 2] [0;33mIDENTIFIER [0;36mDECL_REF_EXPR [0;35mINT [1;36mNONE [0m
[0;32mflag3 [0;34mVariable [0m[38, 15, 5] [0;33mIDENTIFIER [0;36mDECL_REF_EXPR [0;35mBOOL [1;36mNONE [0m
[0;32mtrue [0;31mNone [0m[38, 23, 4] [0;33mKEYWORD [0;36mCXX_BOOL_LITERAL_EXPR [0;35mBOOL [1;36mNONE [0m
[0;32melse [0;31mNone [0m[39, 15, 4] [0;33mKEYWORD [0;36mIF_STMT [1;36mNONE [0m
[0;32mifndef [0;31mNone [0m[40, 2, 6] [0;33mIDENTIFIER [0;36mCOMPOUND_STMT [1;36mNONE [0m
[0;32mNO_OUTPUT [0;31mNone [0m[40, 9, 9] [0;33mIDENTIFIER [0;36mCOMPOUND_STMT [1;36mNONE [0m
[0;32mcout [0;31mNone [0m[41, 15, 4] [0;33mIDENTIFIER [0;36mCOMPOUND_STMT [1;36mNONE [0m
[0;32m"S6 i:" [0;31mNone [0m[41, 23, 7] [0;33mLITERAL [0;36mCOMPOUND_STMT [1;36mNONE [0m
[0;32mi [0;31mNone [0m[41, 34, 1] [0;33mIDENTIFIER [0;36mCOMPOUND_STMT [1;36mNONE [0m
[0;32m" j:" [0;31mNone [0m[41, 39, 5] [0;33mLITERAL [0;36mCOMPOUND_STMT [1;36mNONE [0m
[0;32mj [0;31mNone [0m[41, 48, 1] [0;33mIDENTIFIER [0;36mCOMPOUND_STMT [1;36mNONE [0m
[0;32m" k:" [0;31mNone [0m[41, 53, 5] [0;33mLITERAL [0;36mCOMPOUND_STMT [1;36mNONE [0m
[0;32mk [0;31mNone [0m[41, 62, 1] [0;33mIDENTIFIER [0;36mCOMPOUND_STMT [1;36mNONE [0m
[0;32m" : " [0;31mNone [0m[41, 67, 5] [0;33mLITERAL [0;36mCOMPOUND_STMT [1;36mNONE [0m
[0;32mendif [0;31mNone [0m[42, 2, 5] [0;33mIDENTIFIER [0;36mCOMPOUND_STMT [1;36mNONE [0m
[0;32mk [0;34mVariable [0m[46, 11, 1] [0;33mIDENTIFIER [0;36mDECL_REF_EXPR [0;35mINT [1;36mNONE [0m
[0;32m// while [0;31mNone [0m[47, 9, 8] [0;33mCOMMENT [0;36mCOMPOUND_STMT [1;36mNONE [0m
[0;32mif [0;31mNone [0m[48, 7, 2] [0;33mKEYWORD [0;36mIF_STMT [1;36mNONE [0m
[0;32mflag2 [0;34mVariable [0m[48, 12, 5] [0;33mIDENTIFIER [0;36mDECL_REF_EXPR [0;35mBOOL [1;36mNONE [0m
[0;32mflag1 [0;34mVariable [0m[48, 21, 5] [0;33mIDENTIFIER [0;36mDECL_REF_EXPR [0;35mBOOL [1;36mNONE [0m
[0;32mifndef [0;31mNone [0m[49, 2, 6] [0;33mIDENTIFIER [0;36mCOMPOUND_STMT [1;36mNONE [0m
[0;32mNO_OUTPUT [0;31mNone [0m[49, 9, 9] [0;33mIDENTIFIER [0;36mCOMPOUND_STMT [1;36mNONE [0m
[0;32mcout [0;31mNone [0m[50, 9, 4] [0;33mIDENTIFIER [0;36mCOMPOUND_STMT [1;36mNONE [0m
[0;32m"S7 i:" [0;31mNone [0m[50, 17, 7] [0;33mLITERAL [0;36mCOMPOUND_STMT [1;36mNONE [0m
[0;32mi [0;31mNone [0m[50, 28, 1] [0;33mIDENTIFIER [0;36mCOMPOUND_STMT [1;36mNONE [0m
[0;32m" j:" [0;31mNone [0m[50, 33, 5] [0;33mLITERAL [0;36mCOMPOUND_STMT [1;36mNONE [0m
[0;32mj [0;31mNone [0m[50, 42, 1] [0;33mIDENTIFIER [0;36mCOMPOUND_STMT [1;36mNONE [0m
[0;32mendl [0;31mNone [0m[50, 47, 4] [0;33mIDENTIFIER [0;36mCOMPOUND_STMT [1;36mNONE [0m
[0;32mendif [0;31mNone [0m[51, 2, 5] [0;33mIDENTIFIER [0;36mCOMPOUND_STMT [1;36mNONE [0m
[0;32mj [0;34mVariable [0m[53, 9, 1] [0;33mIDENTIFIER [0;36mDECL_REF_EXPR [0;35mINT [1;36mNONE [0m
[0;32m// wile [0;31mNone [0m[54, 7, 7] [0;33mCOMMENT [0;36mCOMPOUND_STMT [1;36mNONE [0m
[0;32mif [0;31mNone [0m[55, 5, 2] [0;33mKEYWORD [0;36mIF_STMT [1;36mNONE [0m
[0;32mflag1 [0;34mVariable [0m[55, 10, 5] [0;33mIDENTIFIER [0;36mDECL_REF_EXPR [0;35mBOOL [1;36mNONE [0m
[0;32mifndef [0;31mNone [0m[56, 2, 6] [0;33mIDENTIFIER [0;36mCOMPOUND_STMT [1;36mNONE [0m
[0;32mNO_OUTPUT [0;31mNone [0m[56, 9, 9] [0;33mIDENTIFIER [0;36mCOMPOUND_STMT [1;36mNONE [0m
[0;32mcout [0;31mNone [0m[57, 5, 4] [0;33mIDENTIFIER [0;36mCOMPOUND_STMT [1;36mNONE [0m
[0;32m"S8 i:" [0;31mNone [0m[57, 13, 7] [0;33mLITERAL [0;36mCOMPOUND_STMT [1;36mNONE [0m
[0;32mi [0;31mNone [0m[57, 24, 1] [0;33mIDENTIFIER [0;36mCOMPOUND_STMT [1;36mNONE [0m
[0;32mendl [0;31mNone [0m[57, 29, 4] [0;33mIDENTIFIER [0;36mCOMPOUND_STMT [1;36mNONE [0m
[0;32mendif [0;31mNone [0m[58, 2, 5] [0;33mIDENTIFIER [0;36mCOMPOUND_STMT [1;36mNONE [0m
[0;32mi [0;34mVariable [0m[60, 7, 1] [0;33mIDENTIFIER [0;36mDECL_REF_EXPR [0;35mINT [1;36mNONE [0m
[0;32m// while [0;31mNone [0m[61, 5, 8] [0;33mCOMMENT [0;36mCOMPOUND_STMT [1;36mNONE [0m
[0;32m// do_work [0;31mNone [0m[62, 3, 10] [0;33mCOMMENT [0;36mINVALID_FILE [0m
[0;32mint [0;31mNone [0m[64, 1, 3] [0;33mKEYWORD [0;36mFUNCTION_DECL [0;35mFUNCTIONPROTO [1;31mINT [1;36mNONE [0m
[0;32mmain [0;34mchromaticaFunctionDecl [0m[64, 5, 4] [0;33mIDENTIFIER [0;36mFUNCTION_DECL [0;35mFUNCTIONPROTO [1;31mINT [1;36mNONE [0m
[0;32mint [0;31mNone [0m[64, 10, 3] [0;33mKEYWORD [0;36mPARM_DECL [0;35mINT [1;36mNONE [0m
[0;32margc [0;34mchromaticaParmDecl [0m[64, 14, 4] [0;33mIDENTIFIER [0;36mPARM_DECL [0;35mINT [1;36mNONE [0m
[0;32mchar [0;31mNone [0m[64, 20, 4] [0;33mKEYWORD [0;36mPARM_DECL [0;35mINCOMPLETEARRAY [1;36mNONE [0m
[0;32margv [0;34mchromaticaParmDecl [0m[64, 26, 4] [0;33mIDENTIFIER [0;36mPARM_DECL [0;35mINCOMPLETEARRAY [1;36mNONE [0m
[0;32mint [0;31mNone [0m[65, 3, 3] [0;33mKEYWORD [0;36mVAR_DECL [0;35mINT [1;36mNONE [0m
[0;32mtimes [0;34mchromaticaVarDecl [0m[65, 7, 5] [0;33mIDENTIFIER [0;36mVAR_DECL [0;35mINT [1;36mNONE [0m
[0;32m1 [0;34mNumber [0m[65, 15, 1] [0;33mLITERAL [0;36mINTEGER_LITERAL [0;35mINT [1;36mNONE [0m
[0;32mL1 [0;34mchromaticaVarDecl [0m[65, 18, 2] [0;33mIDENTIFIER [0;36mVAR_DECL [0;35mINT [1;36mNONE [0m
[0;32m10 [0;34mNumber [0m[65, 23, 2] [0;33mLITERAL [0;36mINTEGER_LITERAL [0;35mINT [1;36mNONE [0m
[0;32mL2 [0;34mchromaticaVarDecl [0m[65, 27, 2] [0;33mIDENTIFIER [0;36mVAR_DECL [0;35mINT [1;36mNONE [0m
[0;32m10 [0;34mNumber [0m[65, 32, 2] [0;33mLITERAL [0;36mINTEGER_LITERAL [0;35mINT [1;36mNONE [0m
[0;32mL3 [0;34mchromaticaVarDecl [0m[65, 36, 2] [0;33mIDENTIFIER [0;36mVAR_DECL [0;35mINT [1;36mNONE [0m
[0;32m10 [0;34mNumber [0m[65, 41, 2] [0;33mLITERAL [0;36mINTEGER_LITERAL [0;35mINT [1;36mNONE [0m
[0;32mswitch [0;31mNone [0m[66, 3, 6] [0;33mKEYWORD [0;36mSWITCH_STMT [1;36mNONE [0m
[0;32margc [0;34mVariable [0m[66, 11, 4] [0;33mIDENTIFIER [0;36mDECL_REF_EXPR [0;35mINT [1;36mNONE [0m
[0;32mcase [0;31mNone [0m[67, 3, 4] [0;33mKEYWORD [0;36mCASE_STMT [1;36mNONE [0m
[0;32m5 [0;34mNumber [0m[67, 8, 1] [0;33mLITERAL [0;36mINTEGER_LITERAL [0;35mINT [1;36mNONE [0m
[0;32mL3 [0;34mVariable [0m[68, 5, 2] [0;33mIDENTIFIER [0;36mDECL_REF_EXPR [0;35mINT [1;36mNONE [0m
[0;32matoi [0;34mFunction [0m[68, 10, 4] [0;33mIDENTIFIER [0;36mDECL_REF_EXPR [0;35mFUNCTIONPROTO [1;31mINT [1;36mNONE [0m
[0;32margv [0;34mVariable [0m[68, 15, 4] [0;33mIDENTIFIER [0;36mDECL_REF_EXPR [0;35mINCOMPLETEARRAY [1;36mNONE [0m
[0;32m4 [0;34mNumber [0m[68, 20, 1] [0;33mLITERAL [0;36mINTEGER_LITERAL [0;35mINT [1;36mNONE [0m
[0;32mL2 [0;34mVariable [0m[69, 5, 2] [0;33mIDENTIFIER [0;36mDECL_REF_EXPR [0;35mINT [1;36mNONE [0m
[0;32matoi [0;34mFunction [0m[69, 10, 4] [0;33mIDENTIFIER [0;36mDECL_REF_EXPR [0;35mFUNCTIONPROTO [1;31mINT [1;36mNONE [0m
[0;32margv [0;34mVariable [0m[69, 15, 4] [0;33mIDENTIFIER [0;36mDECL_REF_EXPR [0;35mINCOMPLETEARRAY [1;36mNONE [0m
[0;32m3 [0;34mNumber [0m[69, 20, 1] [0;33mLITERAL [0;36mINTEGER_LITERAL [0;35mINT [1;36mNONE [0m
[0;32mL1 [0;34mVariable [0m[70, 5, 2] [0;33mIDENTIFIER [0;36mDECL_REF_EXPR [0;35mINT [1;36mNONE [0m
[0;32matoi [0;34mFunction [0m[70, 10, 4] [0;33mIDENTIFIER [0;36mDECL_REF_EXPR [0;35mFUNCTIONPROTO [1;31mINT [1;36mNONE [0m
[0;32margv [0;34mVariable [0m[70, 15, 4] [0;33mIDENTIFIER [0;36mDECL_REF_EXPR [0;35mINCOMPLETEARRAY [1;36mNONE [0m
[0;32m2 [0;34mNumber [0m[70, 20, 1] [0;33mLITERAL [0;36mINTEGER_LITERAL [0;35mINT [1;36mNONE [0m
[0;32mtimes [0;34mVariable [0m[71, 5, 5] [0;33mIDENTIFIER [0;36mDECL_REF_EXPR [0;35mINT [1;36mNONE [0m
[0;32matoi [0;34mFunction [0m[71, 13, 4] [0;33mIDENTIFIER [0;36mDECL_REF_EXPR [0;35mFUNCTIONPROTO [1;31mINT [1;36mNONE [0m
[0;32margv [0;34mVariable [0m[71, 18, 4] [0;33mIDENTIFIER [0;36mDECL_REF_EXPR [0;35mINCOMPLETEARRAY [1;36mNONE [0m
[0;32m1 [0;34mNumber [0m[71, 23, 1] [0;33mLITERAL [0;36mINTEGER_LITERAL [0;35mINT [1;36mNONE [0m
[0;32mbreak [0;31mNone [0m[72, 5, 5] [0;33mKEYWORD [0;36mBREAK_STMT [1;36mNONE [0m
