[0;32minclude [0;34mchromaticaInclusionDirective [0m[1, 2, 7] [0;34mPREPROC [0;33mIDENTIFIER [0;36mINCLUSION_DIRECTIVE [0m
[0;32minclude [0;34mchromaticaInclusionDirective [0m[2, 2, 7] [0;34mPREPROC [0;33mIDENTIFIER [0;36mINCLUSION_DIRECTIVE [0m
[0;32miostream [0;31mNone [0m[2, 11, 8] [0;33mIDENTIFIER [0;36mINVALID_FILE [0m
[0;32minclude [0;34mchromaticaInclusionDirective [0m[3, 2, 7] [0;34mPREPROC [0;33mIDENTIFIER [0;36mINCLUSION_DIRECTIVE [0m
[0;32msstream [0;31mNone [0m[3, 11, 7] [0;33mIDENTIFIER [0;36mINVALID_FILE [0m
[0;32minclude [0;34mchromaticaInclusionDirective [0m[4, 2, 7] [0;34mPREPROC [0;33mIDENTIFIER [0;36mINCLUSION_DIRECTIVE [0m
[0;32mstring [0;34mchromaticaInclusionDirective [0m[4, 11, 6] [0;34mPREPROC [0;33mIDENTIFIER [0;36mINCLUSION_DIRECTIVE [0m
[0;32musing [0;31mNone [0m[6, 1, 5] [0;33mKEYWORD [0;36mUSING_DIRECTIVE [0m
[0;32mnamespace [0;31mNone [0m[6, 7, 9] [0;33mKEYWORD [0;36mUSING_DIRECTIVE [0m
[0;32mstd [0;34mchromaticaNamespaceRef [0m[6, 17, 3] [0;33mIDENTIFIER [0;36mNAMESPACE_REF [0m
[0;32mstruct [0;31mNone [0m[7, 1, 6] [0;33mKEYWORD [0;36mSTRUCT_DECL [0;35mRECORD [0m
[0;32mPpmImage [0;34mchromaticaStructDecl [0m[7, 8, 8] [0;33mIDENTIFIER [0;36mSTRUCT_DECL [0;35mRECORD [0m
[0;32mstruct [0;31mNone [0m[8, 3, 6] [0;33mKEYWORD [0;36mSTRUCT_DECL [0;35mRECORD [1;35mPUBLIC [0m
[0;32mPixel [0;34mchromaticaStructDecl [0m[8, 10, 5] [0;33mIDENTIFIER [0;36mSTRUCT_DECL [0;35mRECORD [1;35mPUBLIC [0m
[0;32munsigned [0;31mNone [0m[9, 5, 8] [0;33mKEYWORD [0;36mFIELD_DECL [0;35mUCHAR [1;35mPUBLIC [0m
[0;32mchar [0;31mNone [0m[9, 14, 4] [0;33mKEYWORD [0;36mFIELD_DECL [0;35mUCHAR [1;35mPUBLIC [0m
[0;32mr [0;34mchromaticaFieldDecl [0m[9, 19, 1] [0;33mIDENTIFIER [0;36mFIELD_DECL [0;35mUCHAR [1;35mPUBLIC [0m
[0;32mg [0;34mchromaticaFieldDecl [0m[9, 22, 1] [0;33mIDENTIFIER [0;36mFIELD_DECL [0;35mUCHAR [1;35mPUBLIC [0m
[0;32mb [0;34mchromaticaFieldDecl [0m[9, 25, 1] [0;33mIDENTIFIER [0;36mFIELD_DECL [0;35mUCHAR [1;35mPUBLIC [0m
[0;32munsigned [0;31mNone [0m[11, 3, 8] [0;33mKEYWORD [0;36mFIELD_DECL [0;35mUINT [1;35mPUBLIC [0m
[0;32mint [0;31mNone [0m[11, 12, 3] [0;33mKEYWORD [0;36mFIELD_DECL [0;35mUINT [1;35mPUBLIC [0m
[0;32mlen [0;34mchromaticaFieldDecl [0m[11, 16, 3] [0;33mIDENTIFIER [0;36mFIELD_DECL [0;35mUINT [1;35mPUBLIC [0m
[0;32mheight [0;34mchromaticaFieldDecl [0m[11, 21, 6] [0;33mIDENTIFIER [0;36mFIELD_DECL [0;35mUINT [1;35mPUBLIC [0m
[0;32mcolourmax [0;34mchromaticaFieldDecl [0m[11, 29, 9] [0;33mIDENTIFIER [0;36mFIELD_DECL [0;35mUINT [1;35mPUBLIC [0m
[0;32mPixel [0;34mchromaticaTypeRef [0m[12, 3, 5] [0;33mIDENTIFIER [0;36mTYPE_REF [0;35mRECORD [0m
[0;32mpixels [0;34mchromaticaFieldDecl [0m[12, 11, 6] [0;33mIDENTIFIER [0;36mFIELD_DECL [0;35mPOINTER [1;35mPUBLIC [0m
[0;32mstatic [0;31mNone [0m[15, 1, 6] [0;33mKEYWORD [0;36mFUNCTION_DECL [0;35mFUNCTIONPROTO [1;31mVOID [1;36mSTATIC [0m
[0;32mvoid [0;31mNone [0m[15, 8, 4] [0;33mKEYWORD [0;36mFUNCTION_DECL [0;35mFUNCTIONPROTO [1;31mVOID [1;36mSTATIC [0m
[0;32mmaloos [0;34mchromaticaFunctionDecl [0m[15, 13, 6] [0;33mIDENTIFIER [0;36mFUNCTION_DECL [0;35mFUNCTIONPROTO [1;31mVOID [1;36mSTATIC [0m
[0;32mint [0;31mNone [0m[15, 20, 3] [0;33mKEYWORD [0;36mPARM_DECL [0;35mINT [1;36mNONE [0m
[0;32mi [0;34mchromaticaParmDecl [0m[15, 24, 1] [0;33mIDENTIFIER [0;36mPARM_DECL [0;35mINT [1;36mNONE [0m
[0;32mcout [0;31mNone [0m[16, 3, 4] [0;33mIDENTIFIER [0;36mCOMPOUND_STMT [1;36mSTATIC [0m
[0;32m"lul" [0;31mNone [0m[16, 11, 5] [0;33mLITERAL [0;36mCOMPOUND_STMT [1;36mSTATIC [0m
[0;32mendl [0;31mNone [0m[16, 20, 4] [0;33mIDENTIFIER [0;36mCOMPOUND_STMT [1;36mSTATIC [0m
[0;32mPpmImage [0;34mchromaticaTypeRef [0m[17, 3, 8] [0;33mIDENTIFIER [0;36mTYPE_REF [0;35mRECORD [0m
[0;32mboz [0;34mchromaticaVarDecl [0m[17, 12, 3] [0;33mIDENTIFIER [0;36mVAR_DECL [0;35mRECORD [1;36mNONE [0m
[0;32mboz [0;31mNone [0m[18, 3, 3] [0;33mIDENTIFIER [0;36mCOMPOUND_STMT [1;36mSTATIC [0m
[0;32mpixels [0;31mNone [0m[18, 7, 6] [0;33mIDENTIFIER [0;36mCOMPOUND_STMT [1;36mSTATIC [0m
[0;32mmalloc [0;31mNone [0m[18, 16, 6] [0;33mIDENTIFIER [0;36mCOMPOUND_STMT [1;36mSTATIC [0m
[0;32msizeof [0;31mNone [0m[18, 23, 6] [0;33mKEYWORD [0;36mCOMPOUND_STMT [1;36mSTATIC [0m
[0;32mint [0;31mNone [0m[18, 30, 3] [0;33mKEYWORD [0;36mCOMPOUND_STMT [1;36mSTATIC [0m
[0;32m10 [0;31mNone [0m[18, 37, 2] [0;33mLITERAL [0;36mCOMPOUND_STMT [1;36mSTATIC [0m
[0;32mreturn [0;31mNone [0m[19, 3, 6] [0;33mKEYWORD [0;36mRETURN_STMT [1;36mSTATIC [0m
[0;32mint [0;31mNone [0m[22, 1, 3] [0;33mKEYWORD [0;36mFUNCTION_DECL [0;35mFUNCTIONPROTO [1;31mINT [1;36mNONE [0m
[0;32mmain [0;34mchromaticaFunctionDecl [0m[22, 5, 4] [0;33mIDENTIFIER [0;36mFUNCTION_DECL [0;35mFUNCTIONPROTO [1;31mINT [1;36mNONE [0m
[0;32mint [0;31mNone [0m[22, 10, 3] [0;33mKEYWORD [0;36mPARM_DECL [0;35mINT [1;36mNONE [0m
[0;32margc [0;34mchromaticaParmDecl [0m[22, 14, 4] [0;33mIDENTIFIER [0;36mPARM_DECL [0;35mINT [1;36mNONE [0m
[0;32mchar [0;31mNone [0m[22, 20, 4] [0;33mKEYWORD [0;36mPARM_DECL [0;35mINCOMPLETEARRAY [1;36mNONE [0m
[0;32mconst [0;31mNone [0m[22, 25, 5] [0;33mKEYWORD [0;36mPARM_DECL [0;35mINCOMPLETEARRAY [1;36mNONE [0m
[0;32margv [0;34mchromaticaParmDecl [0m[22, 32, 4] [0;33mIDENTIFIER [0;36mPARM_DECL [0;35mINCOMPLETEARRAY [1;36mNONE [0m
[0;32mmaloos [0;34mFunction [0m[23, 3, 6] [0;33mIDENTIFIER [0;36mDECL_REF_EXPR [0;35mFUNCTIONPROTO [1;31mVOID [1;36mNONE [0m
[0;32m2 [0;34mNumber [0m[23, 10, 1] [0;33mLITERAL [0;36mINTEGER_LITERAL [0;35mINT [1;36mNONE [0m
[0;32mreturn [0;31mNone [0m[24, 3, 6] [0;33mKEYWORD [0;36mRETURN_STMT [1;36mNONE [0m
[0;32m0 [0;34mNumber [0m[24, 10, 1] [0;33mLITERAL [0;36mINTEGER_LITERAL [0;35mINT [1;36mNONE [0m
